<?xml version="1.0" encoding="UTF-8"?>
<!-- Generated by org.testng.reporters.JUnitReportReporter -->
<testsuite hostname="INHYIZLP06494" name="com.covisint.automation.projectname.modulename.tests.type.SuiteRunnerIDAuth" tests="1" failures="0" timestamp="11 Nov 2016 12:44:33 GMT" time="44.804" errors="0">
  <testcase name="Run" time="44.804" classname="com.covisint.automation.projectname.modulename.tests.type.SuiteRunnerIDAuth"/>
</testsuite> <!-- com.covisint.automation.projectname.modulename.tests.type.SuiteRunnerIDAuth -->
