<?xml version="1.0" encoding="UTF-8"?>
<!-- Generated by org.testng.reporters.JUnitReportReporter -->
<testsuite hostname="INHYIZLP06494" name="com.covisint.automation.projectname.modulename.tests.type.BoschTestHomePageTabs" tests="1" failures="0" timestamp="21 Feb 2017 13:21:05 GMT" time="70.908" errors="0">
  <testcase name="test" time="70.908" classname="com.covisint.automation.projectname.modulename.tests.type.BoschTestHomePageTabs"/>
</testsuite> <!-- com.covisint.automation.projectname.modulename.tests.type.BoschTestHomePageTabs -->
