<?xml version="1.0" encoding="UTF-8"?>
<!-- Generated by org.testng.reporters.JUnitReportReporter -->
<testsuite hostname="INHYIZLP06494" name="com.covisint.automation.projectname.modulename.tests.type.test001" tests="1" failures="0" timestamp="13 Feb 2017 09:50:55 GMT" time="25.827" errors="0">
  <testcase name="sampleinvalidlogin" time="25.827" classname="com.covisint.automation.projectname.modulename.tests.type.test001"/>
</testsuite> <!-- com.covisint.automation.projectname.modulename.tests.type.test001 -->
