<?xml version="1.0" encoding="UTF-8"?>
<!-- Generated by org.testng.reporters.JUnitReportReporter -->
<testsuite hostname="INHYIZLP06494" name="com.covisint.automation.projectname.modulename.tests.type.Bosch" tests="1" failures="0" timestamp="19 Feb 2017 02:54:12 GMT" time="44.564" errors="0">
  <testcase name="sampleinvalidlogin" time="44.564" classname="com.covisint.automation.projectname.modulename.tests.type.Bosch"/>
</testsuite> <!-- com.covisint.automation.projectname.modulename.tests.type.Bosch -->
